[ N 2022-06-27 22:51:02.9056 147278/T1 age/Wat/WatchdogMain.cpp:1373 ]: Starting Passenger watchdog...
[ N 2022-06-27 22:51:02.9323 147281/T1 age/Cor/CoreMain.cpp:1340 ]: Starting Passenger core...
[ N 2022-06-27 22:51:02.9333 147281/T1 age/Cor/CoreMain.cpp:256 ]: Passenger core running in multi-application mode.
[ N 2022-06-27 22:51:02.9924 147281/T1 age/Cor/CoreMain.cpp:1015 ]: Passenger core online, PID 147281
[ N 2022-06-27 22:51:05.9380 147281/T5 age/Cor/SecurityUpdateChecker.h:519 ]: Security update check: no update found (next check in 24 hours)

[ N 2022-06-27 22:56:17.8546 147281/T8 age/Cor/CoreMain.cpp:670 ]: Signal received. Gracefully shutting down... (send signal 2 more time(s) to force shutdown)
[ N 2022-06-27 22:56:17.8547 147281/T1 age/Cor/CoreMain.cpp:1245 ]: Received command to shutdown gracefully. Waiting until all clients have disconnected...
[ N 2022-06-27 22:56:17.8548 147281/T1 age/Cor/CoreMain.cpp:1146 ]: Checking whether to disconnect long-running connections for process 147377, application /home/sriram/rails_app/proj1 (development)
[ N 2022-06-27 22:56:17.8550 147281/T1 age/Cor/CoreMain.cpp:1146 ]: Checking whether to disconnect long-running connections for process 147542, application /home/sriram/rails_app/proj1 (development)
[ N 2022-06-27 22:56:17.8552 147281/T1 age/Cor/CoreMain.cpp:1146 ]: Checking whether to disconnect long-running connections for process 147696, application /home/sriram/rails_app/proj1 (development)
[ N 2022-06-27 22:56:17.8554 147281/Tc Ser/Server.h:901 ]: [ServerThr.3] Freed 0 spare client objects
[ N 2022-06-27 22:56:17.8554 147281/T8 Ser/Server.h:901 ]: [ServerThr.1] Freed 0 spare client objects
[ N 2022-06-27 22:56:17.8554 147281/Te Ser/Server.h:901 ]: [ServerThr.4] Freed 0 spare client objects
[ N 2022-06-27 22:56:17.8554 147281/Tc Ser/Server.h:558 ]: [ServerThr.3] Shutdown finished
[ N 2022-06-27 22:56:17.8554 147281/T8 Ser/Server.h:558 ]: [ServerThr.1] Shutdown finished
[ N 2022-06-27 22:56:17.8554 147281/Tm Ser/Server.h:901 ]: [ServerThr.8] Freed 0 spare client objects
[ N 2022-06-27 22:56:17.8554 147281/Tg Ser/Server.h:901 ]: [ServerThr.5] Freed 0 spare client objects
[ N 2022-06-27 22:56:17.8554 147281/Te Ser/Server.h:558 ]: [ServerThr.4] Shutdown finished
[ N 2022-06-27 22:56:17.8554 147281/Ts Ser/Server.h:901 ]: [ServerThr.11] Freed 0 spare client objects
[ N 2022-06-27 22:56:17.8555 147281/Tu Ser/Server.h:901 ]: [ServerThr.12] Freed 0 spare client objects
[ N 2022-06-27 22:56:17.8555 147281/Tk Ser/Server.h:901 ]: [ServerThr.7] Freed 0 spare client objects
[ N 2022-06-27 22:56:17.8555 147281/Ti Ser/Server.h:901 ]: [ServerThr.6] Freed 0 spare client objects
[ N 2022-06-27 22:56:17.8563 147281/Tu Ser/Server.h:558 ]: [ServerThr.12] Shutdown finished
[ N 2022-06-27 22:56:17.8555 147281/Tm Ser/Server.h:558 ]: [ServerThr.8] Shutdown finished
[ N 2022-06-27 22:56:17.8554 147281/Ta Ser/Server.h:901 ]: [ServerThr.2] Freed 0 spare client objects
[ N 2022-06-27 22:56:17.8557 147281/Tw Ser/Server.h:901 ]: [ApiServer] Freed 0 spare client objects
[ N 2022-06-27 22:56:17.8563 147281/Tg Ser/Server.h:558 ]: [ServerThr.5] Shutdown finished
[ N 2022-06-27 22:56:17.8563 147281/Ts Ser/Server.h:558 ]: [ServerThr.11] Shutdown finished
[ N 2022-06-27 22:56:17.8563 147281/Tk Ser/Server.h:558 ]: [ServerThr.7] Shutdown finished
[ N 2022-06-27 22:56:17.8563 147281/Tq Ser/Server.h:901 ]: [ServerThr.10] Freed 0 spare client objects
[ N 2022-06-27 22:56:17.8564 147281/Ti Ser/Server.h:558 ]: [ServerThr.6] Shutdown finished
[ N 2022-06-27 22:56:17.8564 147281/Tw Ser/Server.h:558 ]: [ApiServer] Shutdown finished
[ N 2022-06-27 22:56:17.8564 147281/Ta Ser/Server.h:558 ]: [ServerThr.2] Shutdown finished
[ N 2022-06-27 22:56:17.8555 147281/To Ser/Server.h:901 ]: [ServerThr.9] Freed 0 spare client objects
[ N 2022-06-27 22:56:17.8564 147281/Tq Ser/Server.h:558 ]: [ServerThr.10] Shutdown finished
[ N 2022-06-27 22:56:17.8565 147281/To Ser/Server.h:558 ]: [ServerThr.9] Shutdown finished
[ N 2022-06-27 22:56:17.8566 147281/T1 age/Cor/CoreMain.cpp:1146 ]: Checking whether to disconnect long-running connections for process 147377, application /home/sriram/rails_app/proj1 (development)
[ N 2022-06-27 22:56:17.8568 147281/T1 age/Cor/CoreMain.cpp:1146 ]: Checking whether to disconnect long-running connections for process 147542, application /home/sriram/rails_app/proj1 (development)
[ N 2022-06-27 22:56:17.8569 147281/T1 age/Cor/CoreMain.cpp:1146 ]: Checking whether to disconnect long-running connections for process 147696, application /home/sriram/rails_app/proj1 (development)
[ N 2022-06-27 22:56:19.1053 147281/T1 age/Cor/CoreMain.cpp:1325 ]: Passenger core shutdown finished
[ N 2022-06-27 22:56:20.2543 148731/T1 age/Wat/WatchdogMain.cpp:1373 ]: Starting Passenger watchdog...
[ N 2022-06-27 22:56:20.2791 148734/T1 age/Cor/CoreMain.cpp:1340 ]: Starting Passenger core...
[ N 2022-06-27 22:56:20.2797 148734/T1 age/Cor/CoreMain.cpp:256 ]: Passenger core running in multi-application mode.
[ N 2022-06-27 22:56:20.3540 148734/T1 age/Cor/CoreMain.cpp:1015 ]: Passenger core online, PID 148734
[ N 2022-06-27 22:56:23.3741 148734/T5 age/Cor/SecurityUpdateChecker.h:519 ]: Security update check: no update found (next check in 24 hours)
[ N 2022-06-27 23:01:49.9031 148734/T4 age/Cor/CoreMain.cpp:1146 ]: Checking whether to disconnect long-running connections for process 148903, application /home/sriram/rails_app/proj1 (development)

[ N 2022-06-27 23:02:19.2727 148734/T8 age/Cor/CoreMain.cpp:670 ]: Signal received. Gracefully shutting down... (send signal 2 more time(s) to force shutdown)
[ N 2022-06-27 23:02:19.2728 148734/T1 age/Cor/CoreMain.cpp:1245 ]: Received command to shutdown gracefully. Waiting until all clients have disconnected...
[ N 2022-06-27 23:02:19.2729 148734/T1 age/Cor/CoreMain.cpp:1146 ]: Checking whether to disconnect long-running connections for process 148835, application /home/sriram/rails_app/proj1 (development)
[ N 2022-06-27 23:02:19.2731 148734/T8 Ser/Server.h:901 ]: [ServerThr.1] Freed 0 spare client objects
[ N 2022-06-27 23:02:19.2732 148734/Ta Ser/Server.h:901 ]: [ServerThr.2] Freed 0 spare client objects
[ N 2022-06-27 23:02:19.2732 148734/Tc Ser/Server.h:901 ]: [ServerThr.3] Freed 0 spare client objects
[ N 2022-06-27 23:02:19.2732 148734/Tk Ser/Server.h:901 ]: [ServerThr.7] Freed 0 spare client objects
[ N 2022-06-27 23:02:19.2732 148734/Ta Ser/Server.h:558 ]: [ServerThr.2] Shutdown finished
[ N 2022-06-27 23:02:19.2732 148734/Tc Ser/Server.h:558 ]: [ServerThr.3] Shutdown finished
[ N 2022-06-27 23:02:19.2732 148734/Tg Ser/Server.h:901 ]: [ServerThr.5] Freed 0 spare client objects
[ N 2022-06-27 23:02:19.2732 148734/Tk Ser/Server.h:558 ]: [ServerThr.7] Shutdown finished
[ N 2022-06-27 23:02:19.2732 148734/Ti Ser/Server.h:901 ]: [ServerThr.6] Freed 0 spare client objects
[ N 2022-06-27 23:02:19.2733 148734/Tu Ser/Server.h:901 ]: [ServerThr.12] Freed 0 spare client objects
[ N 2022-06-27 23:02:19.2733 148734/Tq Ser/Server.h:901 ]: [ServerThr.10] Freed 0 spare client objects
[ N 2022-06-27 23:02:19.2733 148734/Tm Ser/Server.h:901 ]: [ServerThr.8] Freed 0 spare client objects
[ N 2022-06-27 23:02:19.2732 148734/T8 Ser/Server.h:558 ]: [ServerThr.1] Shutdown finished
[ N 2022-06-27 23:02:19.2740 148734/Tg Ser/Server.h:558 ]: [ServerThr.5] Shutdown finished
[ N 2022-06-27 23:02:19.2741 148734/Ti Ser/Server.h:558 ]: [ServerThr.6] Shutdown finished
[ N 2022-06-27 23:02:19.2741 148734/Tu Ser/Server.h:558 ]: [ServerThr.12] Shutdown finished
[ N 2022-06-27 23:02:19.2741 148734/Tq Ser/Server.h:558 ]: [ServerThr.10] Shutdown finished
[ N 2022-06-27 23:02:19.2741 148734/Tm Ser/Server.h:558 ]: [ServerThr.8] Shutdown finished
[ N 2022-06-27 23:02:19.2732 148734/Te Ser/Server.h:901 ]: [ServerThr.4] Freed 0 spare client objects
[ N 2022-06-27 23:02:19.2732 148734/Ts Ser/Server.h:901 ]: [ServerThr.11] Freed 0 spare client objects
[ N 2022-06-27 23:02:19.2742 148734/Te Ser/Server.h:558 ]: [ServerThr.4] Shutdown finished
[ N 2022-06-27 23:02:19.2732 148734/To Ser/Server.h:901 ]: [ServerThr.9] Freed 0 spare client objects
[ N 2022-06-27 23:02:19.2742 148734/Ts Ser/Server.h:558 ]: [ServerThr.11] Shutdown finished
[ N 2022-06-27 23:02:19.2742 148734/To Ser/Server.h:558 ]: [ServerThr.9] Shutdown finished
[ N 2022-06-27 23:02:19.2743 148734/Tw Ser/Server.h:901 ]: [ApiServer] Freed 0 spare client objects
[ N 2022-06-27 23:02:19.2744 148734/Tw Ser/Server.h:558 ]: [ApiServer] Shutdown finished
[ N 2022-06-27 23:02:19.2747 148734/T1 age/Cor/CoreMain.cpp:1146 ]: Checking whether to disconnect long-running connections for process 148835, application /home/sriram/rails_app/proj1 (development)
[ N 2022-06-27 23:02:20.7866 148734/T1 age/Cor/CoreMain.cpp:1325 ]: Passenger core shutdown finished
[ N 2022-06-27 23:02:21.8367 150383/T1 age/Wat/WatchdogMain.cpp:1373 ]: Starting Passenger watchdog...
[ N 2022-06-27 23:02:21.8658 150386/T1 age/Cor/CoreMain.cpp:1340 ]: Starting Passenger core...
[ N 2022-06-27 23:02:21.8660 150386/T1 age/Cor/CoreMain.cpp:256 ]: Passenger core running in multi-application mode.
[ N 2022-06-27 23:02:21.9386 150386/T1 age/Cor/CoreMain.cpp:1015 ]: Passenger core online, PID 150386
[ N 2022-06-27 23:02:24.9528 150386/T5 age/Cor/SecurityUpdateChecker.h:519 ]: Security update check: no update found (next check in 24 hours)

[ N 2022-06-27 23:06:03.1188 150386/T8 age/Cor/CoreMain.cpp:670 ]: Signal received. Gracefully shutting down... (send signal 2 more time(s) to force shutdown)
[ N 2022-06-27 23:06:03.1189 150386/T1 age/Cor/CoreMain.cpp:1245 ]: Received command to shutdown gracefully. Waiting until all clients have disconnected...
[ N 2022-06-27 23:06:03.1190 150386/T1 age/Cor/CoreMain.cpp:1146 ]: Checking whether to disconnect long-running connections for process 150500, application /home/sriram/rails_app/proj1 (development)
[ N 2022-06-27 23:06:03.1193 150386/T8 Ser/Server.h:901 ]: [ServerThr.1] Freed 0 spare client objects
[ N 2022-06-27 23:06:03.1193 150386/Ta Ser/Server.h:901 ]: [ServerThr.2] Freed 0 spare client objects
[ N 2022-06-27 23:06:03.1193 150386/Tk Ser/Server.h:901 ]: [ServerThr.7] Freed 0 spare client objects
[ N 2022-06-27 23:06:03.1193 150386/Ts Ser/Server.h:901 ]: [ServerThr.11] Freed 0 spare client objects
[ N 2022-06-27 23:06:03.1193 150386/Te Ser/Server.h:901 ]: [ServerThr.4] Freed 0 spare client objects
[ N 2022-06-27 23:06:03.1193 150386/Ti Ser/Server.h:901 ]: [ServerThr.6] Freed 0 spare client objects
[ N 2022-06-27 23:06:03.1194 150386/Ta Ser/Server.h:558 ]: [ServerThr.2] Shutdown finished
[ N 2022-06-27 23:06:03.1194 150386/Tq Ser/Server.h:901 ]: [ServerThr.10] Freed 0 spare client objects
[ N 2022-06-27 23:06:03.1193 150386/Tm Ser/Server.h:901 ]: [ServerThr.8] Freed 0 spare client objects
[ N 2022-06-27 23:06:03.1194 150386/Ts Ser/Server.h:558 ]: [ServerThr.11] Shutdown finished
[ N 2022-06-27 23:06:03.1194 150386/Te Ser/Server.h:558 ]: [ServerThr.4] Shutdown finished
[ N 2022-06-27 23:06:03.1195 150386/Ti Ser/Server.h:558 ]: [ServerThr.6] Shutdown finished
[ N 2022-06-27 23:06:03.1193 150386/T8 Ser/Server.h:558 ]: [ServerThr.1] Shutdown finished
[ N 2022-06-27 23:06:03.1195 150386/Tq Ser/Server.h:558 ]: [ServerThr.10] Shutdown finished
[ N 2022-06-27 23:06:03.1193 150386/Tg Ser/Server.h:901 ]: [ServerThr.5] Freed 0 spare client objects
[ N 2022-06-27 23:06:03.1195 150386/Tm Ser/Server.h:558 ]: [ServerThr.8] Shutdown finished
[ N 2022-06-27 23:06:03.1194 150386/Tu Ser/Server.h:901 ]: [ServerThr.12] Freed 0 spare client objects
[ N 2022-06-27 23:06:03.1194 150386/Tk Ser/Server.h:558 ]: [ServerThr.7] Shutdown finished
[ N 2022-06-27 23:06:03.1195 150386/Tg Ser/Server.h:558 ]: [ServerThr.5] Shutdown finished
[ N 2022-06-27 23:06:03.1193 150386/Tc Ser/Server.h:901 ]: [ServerThr.3] Freed 0 spare client objects
[ N 2022-06-27 23:06:03.1196 150386/Tu Ser/Server.h:558 ]: [ServerThr.12] Shutdown finished
[ N 2022-06-27 23:06:03.1196 150386/Tc Ser/Server.h:558 ]: [ServerThr.3] Shutdown finished
[ N 2022-06-27 23:06:03.1194 150386/To Ser/Server.h:901 ]: [ServerThr.9] Freed 0 spare client objects
[ N 2022-06-27 23:06:03.1196 150386/To Ser/Server.h:558 ]: [ServerThr.9] Shutdown finished
[ N 2022-06-27 23:06:03.1196 150386/Tw Ser/Server.h:901 ]: [ApiServer] Freed 0 spare client objects
[ N 2022-06-27 23:06:03.1197 150386/Tw Ser/Server.h:558 ]: [ApiServer] Shutdown finished
[ N 2022-06-27 23:06:03.1200 150386/T1 age/Cor/CoreMain.cpp:1146 ]: Checking whether to disconnect long-running connections for process 150500, application /home/sriram/rails_app/proj1 (development)
[ N 2022-06-27 23:06:04.4311 150386/T1 age/Cor/CoreMain.cpp:1325 ]: Passenger core shutdown finished
[ N 2022-06-27 23:06:06.9679 151746/T1 age/Wat/WatchdogMain.cpp:1373 ]: Starting Passenger watchdog...
[ N 2022-06-27 23:06:06.9932 151749/T1 age/Cor/CoreMain.cpp:1340 ]: Starting Passenger core...
[ N 2022-06-27 23:06:06.9935 151749/T1 age/Cor/CoreMain.cpp:256 ]: Passenger core running in multi-application mode.
[ N 2022-06-27 23:06:07.0735 151749/T1 age/Cor/CoreMain.cpp:1015 ]: Passenger core online, PID 151749
[ N 2022-06-27 23:06:10.0305 151749/T5 age/Cor/SecurityUpdateChecker.h:519 ]: Security update check: no update found (next check in 24 hours)
[ N 2022-06-27 23:14:07.5527 151749/T4 age/Cor/CoreMain.cpp:1146 ]: Checking whether to disconnect long-running connections for process 151865, application /home/sriram/rails_app/proj1 (development)

[ N 2022-06-27 23:44:51.7055 151749/T8 age/Cor/CoreMain.cpp:670 ]: Signal received. Gracefully shutting down... (send signal 2 more time(s) to force shutdown)
[ N 2022-06-27 23:44:51.7056 151749/T1 age/Cor/CoreMain.cpp:1245 ]: Received command to shutdown gracefully. Waiting until all clients have disconnected...
[ N 2022-06-27 23:44:51.7057 151749/T1 age/Cor/CoreMain.cpp:1146 ]: Checking whether to disconnect long-running connections for process 151941, application /home/sriram/rails_app/proj1 (development)
[ N 2022-06-27 23:44:51.7059 151749/T1 age/Cor/CoreMain.cpp:1146 ]: Checking whether to disconnect long-running connections for process 159878, application /home/sriram/rails_app/proj1 (development)
[ N 2022-06-27 23:44:51.7060 151749/T1 age/Cor/CoreMain.cpp:1146 ]: Checking whether to disconnect long-running connections for process 159935, application /home/sriram/rails_app/proj1 (development)
[ N 2022-06-27 23:44:51.7062 151749/Tc Ser/Server.h:901 ]: [ServerThr.3] Freed 0 spare client objects
[ N 2022-06-27 23:44:51.7063 151749/Tc Ser/Server.h:558 ]: [ServerThr.3] Shutdown finished
[ N 2022-06-27 23:44:51.7063 151749/Te Ser/Server.h:901 ]: [ServerThr.4] Freed 0 spare client objects
[ N 2022-06-27 23:44:51.7063 151749/Tq Ser/Server.h:901 ]: [ServerThr.10] Freed 0 spare client objects
[ N 2022-06-27 23:44:51.7063 151749/Tg Ser/Server.h:901 ]: [ServerThr.5] Freed 0 spare client objects
[ N 2022-06-27 23:44:51.7063 151749/Tk Ser/Server.h:901 ]: [ServerThr.7] Freed 0 spare client objects
[ N 2022-06-27 23:44:51.7063 151749/Ts Ser/Server.h:901 ]: [ServerThr.11] Freed 0 spare client objects
[ N 2022-06-27 23:44:51.7063 151749/Ti Ser/Server.h:901 ]: [ServerThr.6] Freed 0 spare client objects
[ N 2022-06-27 23:44:51.7063 151749/T8 Ser/Server.h:901 ]: [ServerThr.1] Freed 0 spare client objects
[ N 2022-06-27 23:44:51.7062 151749/Ta Ser/Server.h:901 ]: [ServerThr.2] Freed 0 spare client objects
[ N 2022-06-27 23:44:51.7064 151749/Te Ser/Server.h:558 ]: [ServerThr.4] Shutdown finished
[ N 2022-06-27 23:44:51.7064 151749/Tq Ser/Server.h:558 ]: [ServerThr.10] Shutdown finished
[ N 2022-06-27 23:44:51.7064 151749/Tg Ser/Server.h:558 ]: [ServerThr.5] Shutdown finished
[ N 2022-06-27 23:44:51.7064 151749/Tk Ser/Server.h:558 ]: [ServerThr.7] Shutdown finished
[ N 2022-06-27 23:44:51.7065 151749/Ti Ser/Server.h:558 ]: [ServerThr.6] Shutdown finished
[ N 2022-06-27 23:44:51.7063 151749/To Ser/Server.h:901 ]: [ServerThr.9] Freed 0 spare client objects
[ N 2022-06-27 23:44:51.7063 151749/Tm Ser/Server.h:901 ]: [ServerThr.8] Freed 0 spare client objects
[ N 2022-06-27 23:44:51.7065 151749/Ts Ser/Server.h:558 ]: [ServerThr.11] Shutdown finished
[ N 2022-06-27 23:44:51.7066 151749/Ta Ser/Server.h:558 ]: [ServerThr.2] Shutdown finished
[ N 2022-06-27 23:44:51.7066 151749/To Ser/Server.h:558 ]: [ServerThr.9] Shutdown finished
[ N 2022-06-27 23:44:51.7066 151749/Tu Ser/Server.h:901 ]: [ServerThr.12] Freed 0 spare client objects
[ N 2022-06-27 23:44:51.7066 151749/T8 Ser/Server.h:558 ]: [ServerThr.1] Shutdown finished
[ N 2022-06-27 23:44:51.7066 151749/Tu Ser/Server.h:558 ]: [ServerThr.12] Shutdown finished
[ N 2022-06-27 23:44:51.7066 151749/Tm Ser/Server.h:558 ]: [ServerThr.8] Shutdown finished
[ N 2022-06-27 23:44:51.7067 151749/Tw Ser/Server.h:901 ]: [ApiServer] Freed 0 spare client objects
[ N 2022-06-27 23:44:51.7067 151749/Tw Ser/Server.h:558 ]: [ApiServer] Shutdown finished
[ N 2022-06-27 23:44:51.7070 151749/T1 age/Cor/CoreMain.cpp:1146 ]: Checking whether to disconnect long-running connections for process 151941, application /home/sriram/rails_app/proj1 (development)
[ N 2022-06-27 23:44:51.7071 151749/T1 age/Cor/CoreMain.cpp:1146 ]: Checking whether to disconnect long-running connections for process 159878, application /home/sriram/rails_app/proj1 (development)
[ N 2022-06-27 23:44:51.7072 151749/T1 age/Cor/CoreMain.cpp:1146 ]: Checking whether to disconnect long-running connections for process 159935, application /home/sriram/rails_app/proj1 (development)
[ N 2022-06-27 23:44:53.0335 151749/T1 age/Cor/CoreMain.cpp:1325 ]: Passenger core shutdown finished
[ N 2022-06-27 23:44:54.4080 160376/T1 age/Wat/WatchdogMain.cpp:1373 ]: Starting Passenger watchdog...
[ N 2022-06-27 23:44:54.4316 160379/T1 age/Cor/CoreMain.cpp:1340 ]: Starting Passenger core...
[ N 2022-06-27 23:44:54.4318 160379/T1 age/Cor/CoreMain.cpp:256 ]: Passenger core running in multi-application mode.
[ N 2022-06-27 23:44:54.4919 160379/T1 age/Cor/CoreMain.cpp:1015 ]: Passenger core online, PID 160379
[ N 2022-06-27 23:44:57.7122 160379/T5 age/Cor/SecurityUpdateChecker.h:519 ]: Security update check: no update found (next check in 24 hours)
[ N 2022-06-27 23:50:02.0610 160379/T4 age/Cor/CoreMain.cpp:1146 ]: Checking whether to disconnect long-running connections for process 160497, application /home/sriram/rails_app/proj1 (development)

[ N 2022-06-28 00:30:39.0847 160379/T8 age/Cor/CoreMain.cpp:670 ]: Signal received. Gracefully shutting down... (send signal 2 more time(s) to force shutdown)
[ N 2022-06-28 00:30:39.0848 160379/T1 age/Cor/CoreMain.cpp:1245 ]: Received command to shutdown gracefully. Waiting until all clients have disconnected...
[ N 2022-06-28 00:30:39.0849 160379/T1 age/Cor/CoreMain.cpp:1146 ]: Checking whether to disconnect long-running connections for process 160541, application /home/sriram/rails_app/proj1 (development)
[ N 2022-06-28 00:30:39.0852 160379/T8 Ser/Server.h:901 ]: [ServerThr.1] Freed 0 spare client objects
[ N 2022-06-28 00:30:39.0852 160379/Te Ser/Server.h:901 ]: [ServerThr.4] Freed 0 spare client objects
[ N 2022-06-28 00:30:39.0852 160379/Tg Ser/Server.h:901 ]: [ServerThr.5] Freed 0 spare client objects
[ N 2022-06-28 00:30:39.0853 160379/Te Ser/Server.h:558 ]: [ServerThr.4] Shutdown finished
[ N 2022-06-28 00:30:39.0853 160379/T8 Ser/Server.h:558 ]: [ServerThr.1] Shutdown finished
[ N 2022-06-28 00:30:39.0853 160379/Tg Ser/Server.h:558 ]: [ServerThr.5] Shutdown finished
[ N 2022-06-28 00:30:39.0853 160379/Tq Ser/Server.h:901 ]: [ServerThr.10] Freed 0 spare client objects
[ N 2022-06-28 00:30:39.0853 160379/Ta Ser/Server.h:901 ]: [ServerThr.2] Freed 0 spare client objects
[ N 2022-06-28 00:30:39.0854 160379/Ti Ser/Server.h:901 ]: [ServerThr.6] Freed 0 spare client objects
[ N 2022-06-28 00:30:39.0854 160379/Tk Ser/Server.h:901 ]: [ServerThr.7] Freed 0 spare client objects
[ N 2022-06-28 00:30:39.0854 160379/Tq Ser/Server.h:558 ]: [ServerThr.10] Shutdown finished
[ N 2022-06-28 00:30:39.0854 160379/Ta Ser/Server.h:558 ]: [ServerThr.2] Shutdown finished
[ N 2022-06-28 00:30:39.0854 160379/Ti Ser/Server.h:558 ]: [ServerThr.6] Shutdown finished
[ N 2022-06-28 00:30:39.0854 160379/Ts Ser/Server.h:901 ]: [ServerThr.11] Freed 0 spare client objects
[ N 2022-06-28 00:30:39.0855 160379/Ts Ser/Server.h:558 ]: [ServerThr.11] Shutdown finished
[ N 2022-06-28 00:30:39.0852 160379/Tc Ser/Server.h:901 ]: [ServerThr.3] Freed 0 spare client objects
[ N 2022-06-28 00:30:39.0855 160379/Tu Ser/Server.h:901 ]: [ServerThr.12] Freed 0 spare client objects
[ N 2022-06-28 00:30:39.0855 160379/Tu Ser/Server.h:558 ]: [ServerThr.12] Shutdown finished
[ N 2022-06-28 00:30:39.0854 160379/Tm Ser/Server.h:901 ]: [ServerThr.8] Freed 0 spare client objects
[ N 2022-06-28 00:30:39.0855 160379/Tc Ser/Server.h:558 ]: [ServerThr.3] Shutdown finished
[ N 2022-06-28 00:30:39.0854 160379/Tk Ser/Server.h:558 ]: [ServerThr.7] Shutdown finished
[ N 2022-06-28 00:30:39.0856 160379/To Ser/Server.h:901 ]: [ServerThr.9] Freed 0 spare client objects
[ N 2022-06-28 00:30:39.0856 160379/Tm Ser/Server.h:558 ]: [ServerThr.8] Shutdown finished
[ N 2022-06-28 00:30:39.0856 160379/Tw Ser/Server.h:901 ]: [ApiServer] Freed 0 spare client objects
[ N 2022-06-28 00:30:39.0857 160379/Tw Ser/Server.h:558 ]: [ApiServer] Shutdown finished
[ N 2022-06-28 00:30:39.0856 160379/To Ser/Server.h:558 ]: [ServerThr.9] Shutdown finished
[ N 2022-06-28 00:30:39.0860 160379/T1 age/Cor/CoreMain.cpp:1146 ]: Checking whether to disconnect long-running connections for process 160541, application /home/sriram/rails_app/proj1 (development)
[ N 2022-06-28 00:30:40.4618 160379/T1 age/Cor/CoreMain.cpp:1325 ]: Passenger core shutdown finished
[ N 2022-06-28 01:08:29.3655 177205/T1 age/Wat/WatchdogMain.cpp:1373 ]: Starting Passenger watchdog...
[ N 2022-06-28 01:08:29.3905 177208/T1 age/Cor/CoreMain.cpp:1340 ]: Starting Passenger core...
[ N 2022-06-28 01:08:29.3907 177208/T1 age/Cor/CoreMain.cpp:256 ]: Passenger core running in multi-application mode.
[ N 2022-06-28 01:08:29.4687 177208/T1 age/Cor/CoreMain.cpp:1015 ]: Passenger core online, PID 177208
[ N 2022-06-28 01:08:32.5043 177208/T5 age/Cor/SecurityUpdateChecker.h:519 ]: Security update check: no update found (next check in 24 hours)

[ N 2022-06-28 01:09:46.9658 177208/T8 age/Cor/CoreMain.cpp:670 ]: Signal received. Gracefully shutting down... (send signal 2 more time(s) to force shutdown)
[ N 2022-06-28 01:09:46.9659 177208/T1 age/Cor/CoreMain.cpp:1245 ]: Received command to shutdown gracefully. Waiting until all clients have disconnected...
[ N 2022-06-28 01:09:46.9660 177208/T1 age/Cor/CoreMain.cpp:1146 ]: Checking whether to disconnect long-running connections for process 177333, application /home/sriram/rails_app/proj1 (development)
[ N 2022-06-28 01:09:46.9662 177208/T8 Ser/Server.h:901 ]: [ServerThr.1] Freed 0 spare client objects
[ N 2022-06-28 01:09:46.9662 177208/Tc Ser/Server.h:901 ]: [ServerThr.3] Freed 0 spare client objects
[ N 2022-06-28 01:09:46.9663 177208/Tc Ser/Server.h:558 ]: [ServerThr.3] Shutdown finished
[ N 2022-06-28 01:09:46.9663 177208/Ta Ser/Server.h:901 ]: [ServerThr.2] Freed 0 spare client objects
[ N 2022-06-28 01:09:46.9663 177208/Tk Ser/Server.h:901 ]: [ServerThr.7] Freed 0 spare client objects
[ N 2022-06-28 01:09:46.9663 177208/To Ser/Server.h:901 ]: [ServerThr.9] Freed 0 spare client objects
[ N 2022-06-28 01:09:46.9663 177208/Ti Ser/Server.h:901 ]: [ServerThr.6] Freed 0 spare client objects
[ N 2022-06-28 01:09:46.9663 177208/Ts Ser/Server.h:901 ]: [ServerThr.11] Freed 0 spare client objects
[ N 2022-06-28 01:09:46.9664 177208/Tq Ser/Server.h:901 ]: [ServerThr.10] Freed 0 spare client objects
[ N 2022-06-28 01:09:46.9665 177208/Ts Ser/Server.h:558 ]: [ServerThr.11] Shutdown finished
[ N 2022-06-28 01:09:46.9664 177208/Ta Ser/Server.h:558 ]: [ServerThr.2] Shutdown finished
[ N 2022-06-28 01:09:46.9663 177208/Tu Ser/Server.h:901 ]: [ServerThr.12] Freed 0 spare client objects
[ N 2022-06-28 01:09:46.9663 177208/T8 Ser/Server.h:558 ]: [ServerThr.1] Shutdown finished
[ N 2022-06-28 01:09:46.9663 177208/Tg Ser/Server.h:901 ]: [ServerThr.5] Freed 0 spare client objects
[ N 2022-06-28 01:09:46.9664 177208/To Ser/Server.h:558 ]: [ServerThr.9] Shutdown finished
[ N 2022-06-28 01:09:46.9665 177208/Ti Ser/Server.h:558 ]: [ServerThr.6] Shutdown finished
[ N 2022-06-28 01:09:46.9665 177208/Tq Ser/Server.h:558 ]: [ServerThr.10] Shutdown finished
[ N 2022-06-28 01:09:46.9665 177208/Tu Ser/Server.h:558 ]: [ServerThr.12] Shutdown finished
[ N 2022-06-28 01:09:46.9663 177208/Tm Ser/Server.h:901 ]: [ServerThr.8] Freed 0 spare client objects
[ N 2022-06-28 01:09:46.9665 177208/Tg Ser/Server.h:558 ]: [ServerThr.5] Shutdown finished
[ N 2022-06-28 01:09:46.9663 177208/Te Ser/Server.h:901 ]: [ServerThr.4] Freed 0 spare client objects
[ N 2022-06-28 01:09:46.9666 177208/Tm Ser/Server.h:558 ]: [ServerThr.8] Shutdown finished
[ N 2022-06-28 01:09:46.9666 177208/Tw Ser/Server.h:901 ]: [ApiServer] Freed 0 spare client objects
[ N 2022-06-28 01:09:46.9666 177208/Te Ser/Server.h:558 ]: [ServerThr.4] Shutdown finished
[ N 2022-06-28 01:09:46.9664 177208/Tk Ser/Server.h:558 ]: [ServerThr.7] Shutdown finished
[ N 2022-06-28 01:09:46.9666 177208/Tw Ser/Server.h:558 ]: [ApiServer] Shutdown finished
[ N 2022-06-28 01:09:46.9670 177208/T1 age/Cor/CoreMain.cpp:1146 ]: Checking whether to disconnect long-running connections for process 177333, application /home/sriram/rails_app/proj1 (development)
[ N 2022-06-28 01:09:48.3176 177208/T1 age/Cor/CoreMain.cpp:1325 ]: Passenger core shutdown finished
[ N 2022-06-28 01:09:51.2731 177677/T1 age/Wat/WatchdogMain.cpp:1373 ]: Starting Passenger watchdog...
[ N 2022-06-28 01:09:51.3031 177680/T1 age/Cor/CoreMain.cpp:1340 ]: Starting Passenger core...
[ N 2022-06-28 01:09:51.3033 177680/T1 age/Cor/CoreMain.cpp:256 ]: Passenger core running in multi-application mode.
[ N 2022-06-28 01:09:51.3672 177680/T1 age/Cor/CoreMain.cpp:1015 ]: Passenger core online, PID 177680
[ N 2022-06-28 01:09:54.3227 177680/T5 age/Cor/SecurityUpdateChecker.h:519 ]: Security update check: no update found (next check in 24 hours)
[ N 2022-06-28 01:15:08.0706 177680/T4 age/Cor/CoreMain.cpp:1146 ]: Checking whether to disconnect long-running connections for process 177894, application /home/sriram/rails_app/proj1 (development)
[ N 2022-06-28 01:15:08.1041 177680/T4 age/Cor/CoreMain.cpp:1146 ]: Checking whether to disconnect long-running connections for process 177808, application /home/sriram/rails_app/proj1 (development)
[ N 2022-07-03 00:56:09.5849 139440/T1 age/Wat/WatchdogMain.cpp:1373 ]: Starting Passenger watchdog...
[ N 2022-07-03 00:56:09.6142 139443/T1 age/Cor/CoreMain.cpp:1340 ]: Starting Passenger core...
[ N 2022-07-03 00:56:09.6157 139443/T1 age/Cor/CoreMain.cpp:256 ]: Passenger core running in multi-application mode.
[ N 2022-07-03 00:56:09.6670 139443/T1 age/Cor/CoreMain.cpp:1015 ]: Passenger core online, PID 139443
[ N 2022-07-03 00:56:13.9171 139443/T5 age/Cor/SecurityUpdateChecker.h:519 ]: Security update check: no update found (next check in 24 hours)

[ N 2022-07-03 00:58:30.5736 139443/T8 age/Cor/CoreMain.cpp:670 ]: Signal received. Gracefully shutting down... (send signal 2 more time(s) to force shutdown)
[ N 2022-07-03 00:58:30.5737 139443/T1 age/Cor/CoreMain.cpp:1245 ]: Received command to shutdown gracefully. Waiting until all clients have disconnected...
[ N 2022-07-03 00:58:30.5738 139443/T1 age/Cor/CoreMain.cpp:1146 ]: Checking whether to disconnect long-running connections for process 139544, application /home/sriram/rails_app/proj1 (development)
[ N 2022-07-03 00:58:30.5741 139443/T1 age/Cor/CoreMain.cpp:1146 ]: Checking whether to disconnect long-running connections for process 139636, application /home/sriram/rails_app/proj1 (development)
[ N 2022-07-03 00:58:30.5743 139443/Ta Ser/Server.h:901 ]: [ServerThr.2] Freed 0 spare client objects
[ N 2022-07-03 00:58:30.5743 139443/T8 Ser/Server.h:901 ]: [ServerThr.1] Freed 0 spare client objects
[ N 2022-07-03 00:58:30.5743 139443/Tk Ser/Server.h:901 ]: [ServerThr.7] Freed 0 spare client objects
[ N 2022-07-03 00:58:30.5743 139443/Tg Ser/Server.h:901 ]: [ServerThr.5] Freed 0 spare client objects
[ N 2022-07-03 00:58:30.5744 139443/Tm Ser/Server.h:901 ]: [ServerThr.8] Freed 0 spare client objects
[ N 2022-07-03 00:58:30.5743 139443/To Ser/Server.h:901 ]: [ServerThr.9] Freed 0 spare client objects
[ N 2022-07-03 00:58:30.5744 139443/Tq Ser/Server.h:901 ]: [ServerThr.10] Freed 0 spare client objects
[ N 2022-07-03 00:58:30.5743 139443/Te Ser/Server.h:901 ]: [ServerThr.4] Freed 0 spare client objects
[ N 2022-07-03 00:58:30.5746 139443/Tu Ser/Server.h:901 ]: [ServerThr.12] Freed 0 spare client objects
[ N 2022-07-03 00:58:30.5752 139443/T8 Ser/Server.h:558 ]: [ServerThr.1] Shutdown finished
[ N 2022-07-03 00:58:30.5752 139443/Tk Ser/Server.h:558 ]: [ServerThr.7] Shutdown finished
[ N 2022-07-03 00:58:30.5753 139443/Tg Ser/Server.h:558 ]: [ServerThr.5] Shutdown finished
[ N 2022-07-03 00:58:30.5753 139443/Tm Ser/Server.h:558 ]: [ServerThr.8] Shutdown finished
[ N 2022-07-03 00:58:30.5753 139443/To Ser/Server.h:558 ]: [ServerThr.9] Shutdown finished
[ N 2022-07-03 00:58:30.5753 139443/Tq Ser/Server.h:558 ]: [ServerThr.10] Shutdown finished
[ N 2022-07-03 00:58:30.5757 139443/Ts Ser/Server.h:901 ]: [ServerThr.11] Freed 0 spare client objects
[ N 2022-07-03 00:58:30.5757 139443/Te Ser/Server.h:558 ]: [ServerThr.4] Shutdown finished
[ N 2022-07-03 00:58:30.5757 139443/Tu Ser/Server.h:558 ]: [ServerThr.12] Shutdown finished
[ N 2022-07-03 00:58:30.5758 139443/Ti Ser/Server.h:901 ]: [ServerThr.6] Freed 0 spare client objects
[ N 2022-07-03 00:58:30.5743 139443/Tc Ser/Server.h:901 ]: [ServerThr.3] Freed 0 spare client objects
[ N 2022-07-03 00:58:30.5759 139443/Ts Ser/Server.h:558 ]: [ServerThr.11] Shutdown finished
[ N 2022-07-03 00:58:30.5759 139443/Ti Ser/Server.h:558 ]: [ServerThr.6] Shutdown finished
[ N 2022-07-03 00:58:30.5744 139443/Ta Ser/Server.h:558 ]: [ServerThr.2] Shutdown finished
[ N 2022-07-03 00:58:30.5759 139443/Tc Ser/Server.h:558 ]: [ServerThr.3] Shutdown finished
[ N 2022-07-03 00:58:30.5761 139443/Tw Ser/Server.h:901 ]: [ApiServer] Freed 0 spare client objects
[ N 2022-07-03 00:58:30.5761 139443/Tw Ser/Server.h:558 ]: [ApiServer] Shutdown finished
[ N 2022-07-03 00:58:30.5766 139443/T1 age/Cor/CoreMain.cpp:1146 ]: Checking whether to disconnect long-running connections for process 139544, application /home/sriram/rails_app/proj1 (development)
[ N 2022-07-03 00:58:30.5769 139443/T1 age/Cor/CoreMain.cpp:1146 ]: Checking whether to disconnect long-running connections for process 139636, application /home/sriram/rails_app/proj1 (development)
[ N 2022-07-03 00:58:31.9995 139443/T1 age/Cor/CoreMain.cpp:1325 ]: Passenger core shutdown finished
[ N 2022-07-03 00:58:38.2635 140121/T1 age/Wat/WatchdogMain.cpp:1373 ]: Starting Passenger watchdog...
[ N 2022-07-03 00:58:38.2939 140124/T1 age/Cor/CoreMain.cpp:1340 ]: Starting Passenger core...
[ N 2022-07-03 00:58:38.2942 140124/T1 age/Cor/CoreMain.cpp:256 ]: Passenger core running in multi-application mode.
[ N 2022-07-03 00:58:38.3612 140124/T1 age/Cor/CoreMain.cpp:1015 ]: Passenger core online, PID 140124
[ N 2022-07-03 00:58:41.7970 140124/T5 age/Cor/SecurityUpdateChecker.h:519 ]: Security update check: no update found (next check in 24 hours)

[ N 2022-07-03 00:59:53.7122 140124/T8 age/Cor/CoreMain.cpp:670 ]: Signal received. Gracefully shutting down... (send signal 2 more time(s) to force shutdown)
[ N 2022-07-03 00:59:53.7124 140124/T1 age/Cor/CoreMain.cpp:1245 ]: Received command to shutdown gracefully. Waiting until all clients have disconnected...
[ N 2022-07-03 00:59:53.7124 140124/T1 age/Cor/CoreMain.cpp:1146 ]: Checking whether to disconnect long-running connections for process 140236, application /home/sriram/rails_app/proj1 (development)
[ N 2022-07-03 00:59:53.7127 140124/T1 age/Cor/CoreMain.cpp:1146 ]: Checking whether to disconnect long-running connections for process 140259, application /home/sriram/rails_app/proj1 (development)
[ N 2022-07-03 00:59:53.7128 140124/T8 Ser/Server.h:901 ]: [ServerThr.1] Freed 0 spare client objects
[ N 2022-07-03 00:59:53.7128 140124/Tc Ser/Server.h:901 ]: [ServerThr.3] Freed 0 spare client objects
[ N 2022-07-03 00:59:53.7129 140124/Te Ser/Server.h:901 ]: [ServerThr.4] Freed 0 spare client objects
[ N 2022-07-03 00:59:53.7129 140124/Ti Ser/Server.h:901 ]: [ServerThr.6] Freed 0 spare client objects
[ N 2022-07-03 00:59:53.7129 140124/Ta Ser/Server.h:901 ]: [ServerThr.2] Freed 0 spare client objects
[ N 2022-07-03 00:59:53.7129 140124/Tg Ser/Server.h:901 ]: [ServerThr.5] Freed 0 spare client objects
[ N 2022-07-03 00:59:53.7129 140124/Tc Ser/Server.h:558 ]: [ServerThr.3] Shutdown finished
[ N 2022-07-03 00:59:53.7129 140124/Tq Ser/Server.h:901 ]: [ServerThr.10] Freed 0 spare client objects
[ N 2022-07-03 00:59:53.7129 140124/Tk Ser/Server.h:901 ]: [ServerThr.7] Freed 0 spare client objects
[ N 2022-07-03 00:59:53.7129 140124/Tu Ser/Server.h:901 ]: [ServerThr.12] Freed 0 spare client objects
[ N 2022-07-03 00:59:53.7131 140124/To Ser/Server.h:901 ]: [ServerThr.9] Freed 0 spare client objects
[ N 2022-07-03 00:59:53.7137 140124/Te Ser/Server.h:558 ]: [ServerThr.4] Shutdown finished
[ N 2022-07-03 00:59:53.7137 140124/Ti Ser/Server.h:558 ]: [ServerThr.6] Shutdown finished
[ N 2022-07-03 00:59:53.7139 140124/Ta Ser/Server.h:558 ]: [ServerThr.2] Shutdown finished
[ N 2022-07-03 00:59:53.7139 140124/Tg Ser/Server.h:558 ]: [ServerThr.5] Shutdown finished
[ N 2022-07-03 00:59:53.7139 140124/Tm Ser/Server.h:901 ]: [ServerThr.8] Freed 0 spare client objects
[ N 2022-07-03 00:59:53.7139 140124/Tq Ser/Server.h:558 ]: [ServerThr.10] Shutdown finished
[ N 2022-07-03 00:59:53.7139 140124/Tk Ser/Server.h:558 ]: [ServerThr.7] Shutdown finished
[ N 2022-07-03 00:59:53.7140 140124/To Ser/Server.h:558 ]: [ServerThr.9] Shutdown finished
[ N 2022-07-03 00:59:53.7140 140124/Tu Ser/Server.h:558 ]: [ServerThr.12] Shutdown finished
[ N 2022-07-03 00:59:53.7140 140124/Tm Ser/Server.h:558 ]: [ServerThr.8] Shutdown finished
[ N 2022-07-03 00:59:53.7129 140124/Ts Ser/Server.h:901 ]: [ServerThr.11] Freed 0 spare client objects
[ N 2022-07-03 00:59:53.7141 140124/Ts Ser/Server.h:558 ]: [ServerThr.11] Shutdown finished
[ N 2022-07-03 00:59:53.7129 140124/T8 Ser/Server.h:558 ]: [ServerThr.1] Shutdown finished
[ N 2022-07-03 00:59:53.7142 140124/Tw Ser/Server.h:901 ]: [ApiServer] Freed 0 spare client objects
[ N 2022-07-03 00:59:53.7142 140124/Tw Ser/Server.h:558 ]: [ApiServer] Shutdown finished
[ N 2022-07-03 00:59:53.7147 140124/T1 age/Cor/CoreMain.cpp:1146 ]: Checking whether to disconnect long-running connections for process 140236, application /home/sriram/rails_app/proj1 (development)
[ N 2022-07-03 00:59:53.7148 140124/T1 age/Cor/CoreMain.cpp:1146 ]: Checking whether to disconnect long-running connections for process 140259, application /home/sriram/rails_app/proj1 (development)
[ N 2022-07-03 00:59:56.0838 140124/T1 age/Cor/CoreMain.cpp:1325 ]: Passenger core shutdown finished
[ N 2022-07-03 00:59:57.2886 140529/T1 age/Wat/WatchdogMain.cpp:1373 ]: Starting Passenger watchdog...
[ N 2022-07-03 00:59:57.3160 140532/T1 age/Cor/CoreMain.cpp:1340 ]: Starting Passenger core...
[ N 2022-07-03 00:59:57.3165 140532/T1 age/Cor/CoreMain.cpp:256 ]: Passenger core running in multi-application mode.
[ N 2022-07-03 00:59:57.3789 140532/T1 age/Cor/CoreMain.cpp:1015 ]: Passenger core online, PID 140532
[ N 2022-07-03 01:00:01.6710 140532/T5 age/Cor/SecurityUpdateChecker.h:519 ]: Security update check: no update found (next check in 24 hours)
[ N 2022-07-03 01:05:01.6025 140532/T3 age/Cor/CoreMain.cpp:1146 ]: Checking whether to disconnect long-running connections for process 140642, application /home/sriram/rails_app/proj1 (development)

[ N 2022-07-03 01:05:32.4647 140532/T8 age/Cor/CoreMain.cpp:670 ]: Signal received. Gracefully shutting down... (send signal 2 more time(s) to force shutdown)
[ N 2022-07-03 01:05:32.4648 140532/T1 age/Cor/CoreMain.cpp:1245 ]: Received command to shutdown gracefully. Waiting until all clients have disconnected...
[ N 2022-07-03 01:05:32.4649 140532/T1 age/Cor/CoreMain.cpp:1146 ]: Checking whether to disconnect long-running connections for process 140665, application /home/sriram/rails_app/proj1 (development)
[ N 2022-07-03 01:05:32.4652 140532/T8 Ser/Server.h:901 ]: [ServerThr.1] Freed 0 spare client objects
[ N 2022-07-03 01:05:32.4652 140532/Tc Ser/Server.h:901 ]: [ServerThr.3] Freed 0 spare client objects
[ N 2022-07-03 01:05:32.4652 140532/T8 Ser/Server.h:558 ]: [ServerThr.1] Shutdown finished
[ N 2022-07-03 01:05:32.4653 140532/Tc Ser/Server.h:558 ]: [ServerThr.3] Shutdown finished
[ N 2022-07-03 01:05:32.4652 140532/Te Ser/Server.h:901 ]: [ServerThr.4] Freed 0 spare client objects
[ N 2022-07-03 01:05:32.4652 140532/Ta Ser/Server.h:901 ]: [ServerThr.2] Freed 0 spare client objects
[ N 2022-07-03 01:05:32.4653 140532/Tq Ser/Server.h:901 ]: [ServerThr.10] Freed 0 spare client objects
[ N 2022-07-03 01:05:32.4653 140532/Ts Ser/Server.h:901 ]: [ServerThr.11] Freed 0 spare client objects
[ N 2022-07-03 01:05:32.4653 140532/Tm Ser/Server.h:901 ]: [ServerThr.8] Freed 0 spare client objects
[ N 2022-07-03 01:05:32.4653 140532/Tu Ser/Server.h:901 ]: [ServerThr.12] Freed 0 spare client objects
[ N 2022-07-03 01:05:32.4654 140532/Te Ser/Server.h:558 ]: [ServerThr.4] Shutdown finished
[ N 2022-07-03 01:05:32.4656 140532/Tw Ser/Server.h:901 ]: [ApiServer] Freed 0 spare client objects
[ N 2022-07-03 01:05:32.4657 140532/To Ser/Server.h:901 ]: [ServerThr.9] Freed 0 spare client objects
[ N 2022-07-03 01:05:32.4663 140532/Tq Ser/Server.h:558 ]: [ServerThr.10] Shutdown finished
[ N 2022-07-03 01:05:32.4663 140532/Ts Ser/Server.h:558 ]: [ServerThr.11] Shutdown finished
[ N 2022-07-03 01:05:32.4663 140532/Tm Ser/Server.h:558 ]: [ServerThr.8] Shutdown finished
[ N 2022-07-03 01:05:32.4663 140532/Tu Ser/Server.h:558 ]: [ServerThr.12] Shutdown finished
[ N 2022-07-03 01:05:32.4664 140532/Tw Ser/Server.h:558 ]: [ApiServer] Shutdown finished
[ N 2022-07-03 01:05:32.4652 140532/Ti Ser/Server.h:901 ]: [ServerThr.6] Freed 0 spare client objects
[ N 2022-07-03 01:05:32.4664 140532/To Ser/Server.h:558 ]: [ServerThr.9] Shutdown finished
[ N 2022-07-03 01:05:32.4653 140532/Tk Ser/Server.h:901 ]: [ServerThr.7] Freed 0 spare client objects
[ N 2022-07-03 01:05:32.4664 140532/Ti Ser/Server.h:558 ]: [ServerThr.6] Shutdown finished
[ N 2022-07-03 01:05:32.4664 140532/Tk Ser/Server.h:558 ]: [ServerThr.7] Shutdown finished
[ N 2022-07-03 01:05:32.4652 140532/Tg Ser/Server.h:901 ]: [ServerThr.5] Freed 0 spare client objects
[ N 2022-07-03 01:05:32.4663 140532/Ta Ser/Server.h:558 ]: [ServerThr.2] Shutdown finished
[ N 2022-07-03 01:05:32.4665 140532/Tg Ser/Server.h:558 ]: [ServerThr.5] Shutdown finished
[ N 2022-07-03 01:05:32.4666 140532/T1 age/Cor/CoreMain.cpp:1146 ]: Checking whether to disconnect long-running connections for process 140665, application /home/sriram/rails_app/proj1 (development)
[ N 2022-07-03 01:05:34.8679 140532/T1 age/Cor/CoreMain.cpp:1325 ]: Passenger core shutdown finished
[ N 2022-07-03 01:05:35.9341 141813/T1 age/Wat/WatchdogMain.cpp:1373 ]: Starting Passenger watchdog...
[ N 2022-07-03 01:05:35.9613 141816/T1 age/Cor/CoreMain.cpp:1340 ]: Starting Passenger core...
[ N 2022-07-03 01:05:35.9616 141816/T1 age/Cor/CoreMain.cpp:256 ]: Passenger core running in multi-application mode.
[ N 2022-07-03 01:05:36.0146 141816/T1 age/Cor/CoreMain.cpp:1015 ]: Passenger core online, PID 141816
[ N 2022-07-03 01:05:39.9249 141816/T5 age/Cor/SecurityUpdateChecker.h:519 ]: Security update check: no update found (next check in 24 hours)

[ N 2022-07-03 01:08:19.5333 141816/T9 age/Cor/CoreMain.cpp:670 ]: Signal received. Gracefully shutting down... (send signal 2 more time(s) to force shutdown)
[ N 2022-07-03 01:08:19.5335 141816/T1 age/Cor/CoreMain.cpp:1245 ]: Received command to shutdown gracefully. Waiting until all clients have disconnected...
[ N 2022-07-03 01:08:19.5336 141816/T1 age/Cor/CoreMain.cpp:1146 ]: Checking whether to disconnect long-running connections for process 141916, application /home/sriram/rails_app/proj1 (development)
[ N 2022-07-03 01:08:19.5338 141816/T1 age/Cor/CoreMain.cpp:1146 ]: Checking whether to disconnect long-running connections for process 141939, application /home/sriram/rails_app/proj1 (development)
[ N 2022-07-03 01:08:19.5340 141816/T9 Ser/Server.h:901 ]: [ServerThr.1] Freed 0 spare client objects
[ N 2022-07-03 01:08:19.5340 141816/Tc Ser/Server.h:901 ]: [ServerThr.3] Freed 0 spare client objects
[ N 2022-07-03 01:08:19.5340 141816/Tb Ser/Server.h:901 ]: [ServerThr.2] Freed 0 spare client objects
[ N 2022-07-03 01:08:19.5341 141816/Tg Ser/Server.h:901 ]: [ServerThr.5] Freed 0 spare client objects
[ N 2022-07-03 01:08:19.5342 141816/Tk Ser/Server.h:901 ]: [ServerThr.7] Freed 0 spare client objects
[ N 2022-07-03 01:08:19.5341 141816/Te Ser/Server.h:901 ]: [ServerThr.4] Freed 0 spare client objects
[ N 2022-07-03 01:08:19.5342 141816/Tk Ser/Server.h:558 ]: [ServerThr.7] Shutdown finished
[ N 2022-07-03 01:08:19.5342 141816/Tn Ser/Server.h:901 ]: [ServerThr.8] Freed 0 spare client objects
[ N 2022-07-03 01:08:19.5342 141816/To Ser/Server.h:901 ]: [ServerThr.9] Freed 0 spare client objects
[ N 2022-07-03 01:08:19.5342 141816/Ti Ser/Server.h:901 ]: [ServerThr.6] Freed 0 spare client objects
[ N 2022-07-03 01:08:19.5343 141816/Tn Ser/Server.h:558 ]: [ServerThr.8] Shutdown finished
[ N 2022-07-03 01:08:19.5343 141816/To Ser/Server.h:558 ]: [ServerThr.9] Shutdown finished
[ N 2022-07-03 01:08:19.5343 141816/Ti Ser/Server.h:558 ]: [ServerThr.6] Shutdown finished
[ N 2022-07-03 01:08:19.5343 141816/Ts Ser/Server.h:901 ]: [ServerThr.11] Freed 0 spare client objects
[ N 2022-07-03 01:08:19.5344 141816/Ts Ser/Server.h:558 ]: [ServerThr.11] Shutdown finished
[ N 2022-07-03 01:08:19.5341 141816/Tc Ser/Server.h:558 ]: [ServerThr.3] Shutdown finished
[ N 2022-07-03 01:08:19.5342 141816/Tb Ser/Server.h:558 ]: [ServerThr.2] Shutdown finished
[ N 2022-07-03 01:08:19.5341 141816/T9 Ser/Server.h:558 ]: [ServerThr.1] Shutdown finished
[ N 2022-07-03 01:08:19.5343 141816/Te Ser/Server.h:558 ]: [ServerThr.4] Shutdown finished
[ N 2022-07-03 01:08:19.5342 141816/Tq Ser/Server.h:901 ]: [ServerThr.10] Freed 0 spare client objects
[ N 2022-07-03 01:08:19.5342 141816/Tu Ser/Server.h:901 ]: [ServerThr.12] Freed 0 spare client objects
[ N 2022-07-03 01:08:19.5344 141816/Tq Ser/Server.h:558 ]: [ServerThr.10] Shutdown finished
[ N 2022-07-03 01:08:19.5344 141816/Tu Ser/Server.h:558 ]: [ServerThr.12] Shutdown finished
[ N 2022-07-03 01:08:19.5342 141816/Tg Ser/Server.h:558 ]: [ServerThr.5] Shutdown finished
[ N 2022-07-03 01:08:19.5345 141816/Tx Ser/Server.h:901 ]: [ApiServer] Freed 0 spare client objects
[ N 2022-07-03 01:08:19.5345 141816/Tx Ser/Server.h:558 ]: [ApiServer] Shutdown finished
[ N 2022-07-03 01:08:19.5349 141816/T1 age/Cor/CoreMain.cpp:1146 ]: Checking whether to disconnect long-running connections for process 141916, application /home/sriram/rails_app/proj1 (development)
[ N 2022-07-03 01:08:19.5351 141816/T1 age/Cor/CoreMain.cpp:1146 ]: Checking whether to disconnect long-running connections for process 141939, application /home/sriram/rails_app/proj1 (development)
[ N 2022-07-03 01:08:21.9973 141816/T1 age/Cor/CoreMain.cpp:1325 ]: Passenger core shutdown finished
[ N 2022-07-03 01:08:23.1925 142453/T1 age/Wat/WatchdogMain.cpp:1373 ]: Starting Passenger watchdog...
[ N 2022-07-03 01:08:23.2186 142456/T1 age/Cor/CoreMain.cpp:1340 ]: Starting Passenger core...
[ N 2022-07-03 01:08:23.2189 142456/T1 age/Cor/CoreMain.cpp:256 ]: Passenger core running in multi-application mode.
[ N 2022-07-03 01:08:23.2627 142456/T1 age/Cor/CoreMain.cpp:1015 ]: Passenger core online, PID 142456
[ N 2022-07-03 01:08:26.7145 142456/T5 age/Cor/SecurityUpdateChecker.h:519 ]: Security update check: no update found (next check in 24 hours)

[ N 2022-07-03 01:10:15.3959 142456/T8 age/Cor/CoreMain.cpp:670 ]: Signal received. Gracefully shutting down... (send signal 2 more time(s) to force shutdown)
[ N 2022-07-03 01:10:15.3960 142456/T1 age/Cor/CoreMain.cpp:1245 ]: Received command to shutdown gracefully. Waiting until all clients have disconnected...
[ N 2022-07-03 01:10:15.3961 142456/T1 age/Cor/CoreMain.cpp:1146 ]: Checking whether to disconnect long-running connections for process 142571, application /home/sriram/rails_app/proj1 (development)
[ N 2022-07-03 01:10:15.3963 142456/T1 age/Cor/CoreMain.cpp:1146 ]: Checking whether to disconnect long-running connections for process 142619, application /home/sriram/rails_app/proj1 (development)
[ N 2022-07-03 01:10:15.3965 142456/T8 Ser/Server.h:901 ]: [ServerThr.1] Freed 0 spare client objects
[ N 2022-07-03 01:10:15.3965 142456/Tc Ser/Server.h:901 ]: [ServerThr.3] Freed 0 spare client objects
[ N 2022-07-03 01:10:15.3965 142456/Ta Ser/Server.h:901 ]: [ServerThr.2] Freed 0 spare client objects
[ N 2022-07-03 01:10:15.3966 142456/T8 Ser/Server.h:558 ]: [ServerThr.1] Shutdown finished
[ N 2022-07-03 01:10:15.3966 142456/Tm Ser/Server.h:901 ]: [ServerThr.8] Freed 0 spare client objects
[ N 2022-07-03 01:10:15.3966 142456/Ts Ser/Server.h:901 ]: [ServerThr.11] Freed 0 spare client objects
[ N 2022-07-03 01:10:15.3966 142456/Tc Ser/Server.h:558 ]: [ServerThr.3] Shutdown finished
[ N 2022-07-03 01:10:15.3966 142456/Te Ser/Server.h:901 ]: [ServerThr.4] Freed 0 spare client objects
[ N 2022-07-03 01:10:15.3966 142456/Tk Ser/Server.h:901 ]: [ServerThr.7] Freed 0 spare client objects
[ N 2022-07-03 01:10:15.3967 142456/To Ser/Server.h:901 ]: [ServerThr.9] Freed 0 spare client objects
[ N 2022-07-03 01:10:15.3967 142456/Tq Ser/Server.h:901 ]: [ServerThr.10] Freed 0 spare client objects
[ N 2022-07-03 01:10:15.3967 142456/Tm Ser/Server.h:558 ]: [ServerThr.8] Shutdown finished
[ N 2022-07-03 01:10:15.3967 142456/Ts Ser/Server.h:558 ]: [ServerThr.11] Shutdown finished
[ N 2022-07-03 01:10:15.3966 142456/Tg Ser/Server.h:901 ]: [ServerThr.5] Freed 0 spare client objects
[ N 2022-07-03 01:10:15.3967 142456/Te Ser/Server.h:558 ]: [ServerThr.4] Shutdown finished
[ N 2022-07-03 01:10:15.3967 142456/Tk Ser/Server.h:558 ]: [ServerThr.7] Shutdown finished
[ N 2022-07-03 01:10:15.3968 142456/To Ser/Server.h:558 ]: [ServerThr.9] Shutdown finished
[ N 2022-07-03 01:10:15.3968 142456/Tq Ser/Server.h:558 ]: [ServerThr.10] Shutdown finished
[ N 2022-07-03 01:10:15.3968 142456/Tu Ser/Server.h:901 ]: [ServerThr.12] Freed 0 spare client objects
[ N 2022-07-03 01:10:15.3968 142456/Tu Ser/Server.h:558 ]: [ServerThr.12] Shutdown finished
[ N 2022-07-03 01:10:15.3966 142456/Ta Ser/Server.h:558 ]: [ServerThr.2] Shutdown finished
[ N 2022-07-03 01:10:15.3968 142456/Tg Ser/Server.h:558 ]: [ServerThr.5] Shutdown finished
[ N 2022-07-03 01:10:15.3969 142456/Tw Ser/Server.h:901 ]: [ApiServer] Freed 0 spare client objects
[ N 2022-07-03 01:10:15.3969 142456/Ti Ser/Server.h:901 ]: [ServerThr.6] Freed 0 spare client objects
[ N 2022-07-03 01:10:15.3969 142456/Tw Ser/Server.h:558 ]: [ApiServer] Shutdown finished
[ N 2022-07-03 01:10:15.3969 142456/Ti Ser/Server.h:558 ]: [ServerThr.6] Shutdown finished
[ N 2022-07-03 01:10:15.3972 142456/T1 age/Cor/CoreMain.cpp:1146 ]: Checking whether to disconnect long-running connections for process 142571, application /home/sriram/rails_app/proj1 (development)
[ N 2022-07-03 01:10:15.3974 142456/T1 age/Cor/CoreMain.cpp:1146 ]: Checking whether to disconnect long-running connections for process 142619, application /home/sriram/rails_app/proj1 (development)
[ N 2022-07-03 01:10:18.1397 142456/T1 age/Cor/CoreMain.cpp:1325 ]: Passenger core shutdown finished
[ N 2022-07-03 01:13:31.7352 143802/T1 age/Wat/WatchdogMain.cpp:1373 ]: Starting Passenger watchdog...
[ N 2022-07-03 01:13:31.7577 143805/T1 age/Cor/CoreMain.cpp:1340 ]: Starting Passenger core...
[ N 2022-07-03 01:13:31.7579 143805/T1 age/Cor/CoreMain.cpp:256 ]: Passenger core running in multi-application mode.
[ N 2022-07-03 01:13:31.8213 143805/T1 age/Cor/CoreMain.cpp:1015 ]: Passenger core online, PID 143805
[ N 2022-07-03 01:13:35.7502 143805/T5 age/Cor/SecurityUpdateChecker.h:519 ]: Security update check: no update found (next check in 24 hours)

[ N 2022-07-03 01:14:26.5855 143805/T8 age/Cor/CoreMain.cpp:670 ]: Signal received. Gracefully shutting down... (send signal 2 more time(s) to force shutdown)
[ N 2022-07-03 01:14:26.5856 143805/T1 age/Cor/CoreMain.cpp:1245 ]: Received command to shutdown gracefully. Waiting until all clients have disconnected...
[ N 2022-07-03 01:14:26.5857 143805/T1 age/Cor/CoreMain.cpp:1146 ]: Checking whether to disconnect long-running connections for process 143919, application /home/sriram/rails_app/proj1 (development)
[ N 2022-07-03 01:14:26.5859 143805/T1 age/Cor/CoreMain.cpp:1146 ]: Checking whether to disconnect long-running connections for process 143981, application /home/sriram/rails_app/proj1 (development)
[ N 2022-07-03 01:14:26.5861 143805/T8 Ser/Server.h:901 ]: [ServerThr.1] Freed 0 spare client objects
[ N 2022-07-03 01:14:26.5861 143805/Ta Ser/Server.h:901 ]: [ServerThr.2] Freed 0 spare client objects
[ N 2022-07-03 01:14:26.5861 143805/Te Ser/Server.h:901 ]: [ServerThr.4] Freed 0 spare client objects
[ N 2022-07-03 01:14:26.5861 143805/Tg Ser/Server.h:901 ]: [ServerThr.5] Freed 0 spare client objects
[ N 2022-07-03 01:14:26.5862 143805/T8 Ser/Server.h:558 ]: [ServerThr.1] Shutdown finished
[ N 2022-07-03 01:14:26.5862 143805/Ta Ser/Server.h:558 ]: [ServerThr.2] Shutdown finished
[ N 2022-07-03 01:14:26.5861 143805/Tc Ser/Server.h:901 ]: [ServerThr.3] Freed 0 spare client objects
[ N 2022-07-03 01:14:26.5862 143805/Te Ser/Server.h:558 ]: [ServerThr.4] Shutdown finished
[ N 2022-07-03 01:14:26.5862 143805/Ti Ser/Server.h:901 ]: [ServerThr.6] Freed 0 spare client objects
[ N 2022-07-03 01:14:26.5862 143805/Tg Ser/Server.h:558 ]: [ServerThr.5] Shutdown finished
[ N 2022-07-03 01:14:26.5863 143805/Tq Ser/Server.h:901 ]: [ServerThr.10] Freed 0 spare client objects
[ N 2022-07-03 01:14:26.5863 143805/Tc Ser/Server.h:558 ]: [ServerThr.3] Shutdown finished
[ N 2022-07-03 01:14:26.5863 143805/Tm Ser/Server.h:901 ]: [ServerThr.8] Freed 0 spare client objects
[ N 2022-07-03 01:14:26.5863 143805/Ti Ser/Server.h:558 ]: [ServerThr.6] Shutdown finished
[ N 2022-07-03 01:14:26.5864 143805/Tm Ser/Server.h:558 ]: [ServerThr.8] Shutdown finished
[ N 2022-07-03 01:14:26.5864 143805/Tq Ser/Server.h:558 ]: [ServerThr.10] Shutdown finished
[ N 2022-07-03 01:14:26.5864 143805/To Ser/Server.h:901 ]: [ServerThr.9] Freed 0 spare client objects
[ N 2022-07-03 01:14:26.5864 143805/To Ser/Server.h:558 ]: [ServerThr.9] Shutdown finished
[ N 2022-07-03 01:14:26.5864 143805/Ts Ser/Server.h:901 ]: [ServerThr.11] Freed 0 spare client objects
[ N 2022-07-03 01:14:26.5864 143805/Tk Ser/Server.h:901 ]: [ServerThr.7] Freed 0 spare client objects
[ N 2022-07-03 01:14:26.5864 143805/Tu Ser/Server.h:901 ]: [ServerThr.12] Freed 0 spare client objects
[ N 2022-07-03 01:14:26.5864 143805/Tw Ser/Server.h:901 ]: [ApiServer] Freed 0 spare client objects
[ N 2022-07-03 01:14:26.5865 143805/Ts Ser/Server.h:558 ]: [ServerThr.11] Shutdown finished
[ N 2022-07-03 01:14:26.5865 143805/Tk Ser/Server.h:558 ]: [ServerThr.7] Shutdown finished
[ N 2022-07-03 01:14:26.5865 143805/Tu Ser/Server.h:558 ]: [ServerThr.12] Shutdown finished
[ N 2022-07-03 01:14:26.5865 143805/Tw Ser/Server.h:558 ]: [ApiServer] Shutdown finished
[ N 2022-07-03 01:14:26.5868 143805/T1 age/Cor/CoreMain.cpp:1146 ]: Checking whether to disconnect long-running connections for process 143919, application /home/sriram/rails_app/proj1 (development)
[ N 2022-07-03 01:14:26.5870 143805/T1 age/Cor/CoreMain.cpp:1146 ]: Checking whether to disconnect long-running connections for process 143981, application /home/sriram/rails_app/proj1 (development)
[ N 2022-07-03 01:14:28.5587 143805/T1 age/Cor/CoreMain.cpp:1325 ]: Passenger core shutdown finished
[ N 2022-07-03 01:14:31.2207 144168/T1 age/Wat/WatchdogMain.cpp:1373 ]: Starting Passenger watchdog...
[ N 2022-07-03 01:14:31.2475 144171/T1 age/Cor/CoreMain.cpp:1340 ]: Starting Passenger core...
[ N 2022-07-03 01:14:31.2483 144171/T1 age/Cor/CoreMain.cpp:256 ]: Passenger core running in multi-application mode.
[ N 2022-07-03 01:14:31.3303 144171/T1 age/Cor/CoreMain.cpp:1015 ]: Passenger core online, PID 144171
[ N 2022-07-03 01:14:35.2442 144171/T5 age/Cor/SecurityUpdateChecker.h:519 ]: Security update check: no update found (next check in 24 hours)

[ N 2022-07-03 01:15:01.2334 144171/T8 age/Cor/CoreMain.cpp:670 ]: Signal received. Gracefully shutting down... (send signal 2 more time(s) to force shutdown)
[ N 2022-07-03 01:15:01.2335 144171/T1 age/Cor/CoreMain.cpp:1245 ]: Received command to shutdown gracefully. Waiting until all clients have disconnected...
[ N 2022-07-03 01:15:01.2336 144171/T1 age/Cor/CoreMain.cpp:1146 ]: Checking whether to disconnect long-running connections for process 144313, application /home/sriram/rails_app/proj1 (development)
[ N 2022-07-03 01:15:01.2338 144171/T1 age/Cor/CoreMain.cpp:1146 ]: Checking whether to disconnect long-running connections for process 144368, application /home/sriram/rails_app/proj1 (development)
[ N 2022-07-03 01:15:01.2341 144171/T8 Ser/Server.h:901 ]: [ServerThr.1] Freed 0 spare client objects
[ N 2022-07-03 01:15:01.2340 144171/Tc Ser/Server.h:901 ]: [ServerThr.3] Freed 0 spare client objects
[ N 2022-07-03 01:15:01.2341 144171/Te Ser/Server.h:901 ]: [ServerThr.4] Freed 0 spare client objects
[ N 2022-07-03 01:15:01.2341 144171/Ta Ser/Server.h:901 ]: [ServerThr.2] Freed 0 spare client objects
[ N 2022-07-03 01:15:01.2341 144171/Ti Ser/Server.h:901 ]: [ServerThr.6] Freed 0 spare client objects
[ N 2022-07-03 01:15:01.2341 144171/Tq Ser/Server.h:901 ]: [ServerThr.10] Freed 0 spare client objects
[ N 2022-07-03 01:15:01.2341 144171/Tm Ser/Server.h:901 ]: [ServerThr.8] Freed 0 spare client objects
[ N 2022-07-03 01:15:01.2341 144171/Tu Ser/Server.h:901 ]: [ServerThr.12] Freed 0 spare client objects
[ N 2022-07-03 01:15:01.2342 144171/T8 Ser/Server.h:558 ]: [ServerThr.1] Shutdown finished
[ N 2022-07-03 01:15:01.2342 144171/Tc Ser/Server.h:558 ]: [ServerThr.3] Shutdown finished
[ N 2022-07-03 01:15:01.2342 144171/Te Ser/Server.h:558 ]: [ServerThr.4] Shutdown finished
[ N 2022-07-03 01:15:01.2342 144171/Ti Ser/Server.h:558 ]: [ServerThr.6] Shutdown finished
[ N 2022-07-03 01:15:01.2342 144171/Ta Ser/Server.h:558 ]: [ServerThr.2] Shutdown finished
[ N 2022-07-03 01:15:01.2343 144171/Tq Ser/Server.h:558 ]: [ServerThr.10] Shutdown finished
[ N 2022-07-03 01:15:01.2343 144171/Tm Ser/Server.h:558 ]: [ServerThr.8] Shutdown finished
[ N 2022-07-03 01:15:01.2343 144171/Tu Ser/Server.h:558 ]: [ServerThr.12] Shutdown finished
[ N 2022-07-03 01:15:01.2343 144171/Ts Ser/Server.h:901 ]: [ServerThr.11] Freed 0 spare client objects
[ N 2022-07-03 01:15:01.2344 144171/Ts Ser/Server.h:558 ]: [ServerThr.11] Shutdown finished
[ N 2022-07-03 01:15:01.2341 144171/Tk Ser/Server.h:901 ]: [ServerThr.7] Freed 0 spare client objects
[ N 2022-07-03 01:15:01.2344 144171/Tk Ser/Server.h:558 ]: [ServerThr.7] Shutdown finished
[ N 2022-07-03 01:15:01.2341 144171/Tg Ser/Server.h:901 ]: [ServerThr.5] Freed 0 spare client objects
[ N 2022-07-03 01:15:01.2344 144171/To Ser/Server.h:901 ]: [ServerThr.9] Freed 0 spare client objects
[ N 2022-07-03 01:15:01.2344 144171/To Ser/Server.h:558 ]: [ServerThr.9] Shutdown finished
[ N 2022-07-03 01:15:01.2345 144171/Tg Ser/Server.h:558 ]: [ServerThr.5] Shutdown finished
[ N 2022-07-03 01:15:01.2345 144171/Tw Ser/Server.h:901 ]: [ApiServer] Freed 0 spare client objects
[ N 2022-07-03 01:15:01.2345 144171/Tw Ser/Server.h:558 ]: [ApiServer] Shutdown finished
[ N 2022-07-03 01:15:01.2349 144171/T1 age/Cor/CoreMain.cpp:1146 ]: Checking whether to disconnect long-running connections for process 144313, application /home/sriram/rails_app/proj1 (development)
[ N 2022-07-03 01:15:01.2351 144171/T1 age/Cor/CoreMain.cpp:1146 ]: Checking whether to disconnect long-running connections for process 144368, application /home/sriram/rails_app/proj1 (development)
[ N 2022-07-03 01:15:03.3753 144171/T1 age/Cor/CoreMain.cpp:1325 ]: Passenger core shutdown finished
[ N 2022-07-03 01:24:17.3255 148545/T1 age/Wat/WatchdogMain.cpp:1373 ]: Starting Passenger watchdog...
[ N 2022-07-03 01:24:17.3548 148548/T1 age/Cor/CoreMain.cpp:1340 ]: Starting Passenger core...
[ N 2022-07-03 01:24:17.3551 148548/T1 age/Cor/CoreMain.cpp:256 ]: Passenger core running in multi-application mode.
[ N 2022-07-03 01:24:17.4173 148548/T1 age/Cor/CoreMain.cpp:1015 ]: Passenger core online, PID 148548
[ N 2022-07-03 01:24:21.1871 148548/T5 age/Cor/SecurityUpdateChecker.h:519 ]: Security update check: no update found (next check in 24 hours)
[ N 2022-07-03 01:29:54.8674 148548/T3 age/Cor/CoreMain.cpp:1146 ]: Checking whether to disconnect long-running connections for process 148872, application /home/sriram/rails_app/proj1 (development)
[ N 2022-07-03 01:29:57.8969 148548/T3 age/Cor/CoreMain.cpp:1146 ]: Checking whether to disconnect long-running connections for process 148664, application /home/sriram/rails_app/proj1 (development)

[ N 2022-07-03 01:40:29.2417 148548/T9 age/Cor/CoreMain.cpp:670 ]: Signal received. Gracefully shutting down... (send signal 2 more time(s) to force shutdown)
[ N 2022-07-03 01:40:29.2418 148548/T1 age/Cor/CoreMain.cpp:1245 ]: Received command to shutdown gracefully. Waiting until all clients have disconnected...
[ N 2022-07-03 01:40:29.2418 148548/T1 age/Cor/CoreMain.cpp:1146 ]: Checking whether to disconnect long-running connections for process 148759, application /home/sriram/rails_app/proj1 (development)
[ N 2022-07-03 01:40:29.2421 148548/Tc Ser/Server.h:901 ]: [ServerThr.3] Freed 0 spare client objects
[ N 2022-07-03 01:40:29.2421 148548/Ta Ser/Server.h:901 ]: [ServerThr.2] Freed 0 spare client objects
[ N 2022-07-03 01:40:29.2422 148548/To Ser/Server.h:901 ]: [ServerThr.9] Freed 0 spare client objects
[ N 2022-07-03 01:40:29.2421 148548/T9 Ser/Server.h:901 ]: [ServerThr.1] Freed 0 spare client objects
[ N 2022-07-03 01:40:29.2422 148548/Ts Ser/Server.h:901 ]: [ServerThr.11] Freed 0 spare client objects
[ N 2022-07-03 01:40:29.2422 148548/Tc Ser/Server.h:558 ]: [ServerThr.3] Shutdown finished
[ N 2022-07-03 01:40:29.2422 148548/Tq Ser/Server.h:901 ]: [ServerThr.10] Freed 0 spare client objects
[ N 2022-07-03 01:40:29.2421 148548/Te Ser/Server.h:901 ]: [ServerThr.4] Freed 0 spare client objects
[ N 2022-07-03 01:40:29.2422 148548/Tu Ser/Server.h:901 ]: [ServerThr.12] Freed 0 spare client objects
[ N 2022-07-03 01:40:29.2424 148548/Tw Ser/Server.h:901 ]: [ApiServer] Freed 0 spare client objects
[ N 2022-07-03 01:40:29.2421 148548/Tk Ser/Server.h:901 ]: [ServerThr.7] Freed 0 spare client objects
[ N 2022-07-03 01:40:29.2426 148548/Ta Ser/Server.h:558 ]: [ServerThr.2] Shutdown finished
[ N 2022-07-03 01:40:29.2426 148548/To Ser/Server.h:558 ]: [ServerThr.9] Shutdown finished
[ N 2022-07-03 01:40:29.2427 148548/T9 Ser/Server.h:558 ]: [ServerThr.1] Shutdown finished
[ N 2022-07-03 01:40:29.2427 148548/Ts Ser/Server.h:558 ]: [ServerThr.11] Shutdown finished
[ N 2022-07-03 01:40:29.2421 148548/Th Ser/Server.h:901 ]: [ServerThr.5] Freed 0 spare client objects
[ N 2022-07-03 01:40:29.2428 148548/Tq Ser/Server.h:558 ]: [ServerThr.10] Shutdown finished
[ N 2022-07-03 01:40:29.2428 148548/Te Ser/Server.h:558 ]: [ServerThr.4] Shutdown finished
[ N 2022-07-03 01:40:29.2429 148548/Tw Ser/Server.h:558 ]: [ApiServer] Shutdown finished
[ N 2022-07-03 01:40:29.2429 148548/Tk Ser/Server.h:558 ]: [ServerThr.7] Shutdown finished
[ N 2022-07-03 01:40:29.2421 148548/Ti Ser/Server.h:901 ]: [ServerThr.6] Freed 0 spare client objects
[ N 2022-07-03 01:40:29.2422 148548/Tm Ser/Server.h:901 ]: [ServerThr.8] Freed 0 spare client objects
[ N 2022-07-03 01:40:29.2430 148548/Th Ser/Server.h:558 ]: [ServerThr.5] Shutdown finished
[ N 2022-07-03 01:40:29.2429 148548/Tu Ser/Server.h:558 ]: [ServerThr.12] Shutdown finished
[ N 2022-07-03 01:40:29.2430 148548/Tm Ser/Server.h:558 ]: [ServerThr.8] Shutdown finished
[ N 2022-07-03 01:40:29.2430 148548/Ti Ser/Server.h:558 ]: [ServerThr.6] Shutdown finished
[ N 2022-07-03 01:40:29.2432 148548/T1 age/Cor/CoreMain.cpp:1146 ]: Checking whether to disconnect long-running connections for process 148759, application /home/sriram/rails_app/proj1 (development)
[ N 2022-07-03 01:40:31.4805 148548/T1 age/Cor/CoreMain.cpp:1325 ]: Passenger core shutdown finished
[ N 2022-07-03 21:43:30.4267 51784/T1 age/Wat/WatchdogMain.cpp:1373 ]: Starting Passenger watchdog...
[ N 2022-07-03 21:43:30.4617 51787/T1 age/Cor/CoreMain.cpp:1340 ]: Starting Passenger core...
[ N 2022-07-03 21:43:30.4619 51787/T1 age/Cor/CoreMain.cpp:256 ]: Passenger core running in multi-application mode.
[ N 2022-07-03 21:43:30.5182 51787/T1 age/Cor/CoreMain.cpp:1015 ]: Passenger core online, PID 51787
App 51846 output: /usr/local/rvm/rubies/ruby-2.7.0/lib/ruby/2.7.0/net/protocol.rb:66: warning: already initialized constant Net::ProtocRetryError
App 51846 output: /usr/local/rvm/gems/ruby-2.7.0/gems/net-protocol-0.1.3/lib/net/protocol.rb:68: warning: previous definition of ProtocRetryError was here
App 51846 output: /usr/local/rvm/rubies/ruby-2.7.0/lib/ruby/2.7.0/net/protocol.rb:206: warning: already initialized constant Net::BufferedIO::BUFSIZE
App 51846 output: /usr/local/rvm/gems/ruby-2.7.0/gems/net-protocol-0.1.3/lib/net/protocol.rb:208: warning: previous definition of BUFSIZE was here
App 51846 output: /usr/local/rvm/rubies/ruby-2.7.0/lib/ruby/2.7.0/net/protocol.rb:503: warning: already initialized constant Net::NetPrivate::Socket
App 51846 output: /usr/local/rvm/gems/ruby-2.7.0/gems/net-protocol-0.1.3/lib/net/protocol.rb:504: warning: previous definition of Socket was here
[ N 2022-07-03 21:43:34.1573 51787/T5 age/Cor/SecurityUpdateChecker.h:519 ]: Security update check: no update found (next check in 24 hours)

[ N 2022-07-03 21:45:36.9709 51787/T8 age/Cor/CoreMain.cpp:670 ]: Signal received. Gracefully shutting down... (send signal 2 more time(s) to force shutdown)
[ N 2022-07-03 21:45:36.9709 51787/T1 age/Cor/CoreMain.cpp:1245 ]: Received command to shutdown gracefully. Waiting until all clients have disconnected...
[ N 2022-07-03 21:45:36.9710 51787/T1 age/Cor/CoreMain.cpp:1146 ]: Checking whether to disconnect long-running connections for process 51883, application /home/sriram/rails_app/proj1 (development)
[ N 2022-07-03 21:45:36.9711 51787/T1 age/Cor/CoreMain.cpp:1146 ]: Checking whether to disconnect long-running connections for process 52139, application /home/sriram/rails_app/proj1 (development)
[ N 2022-07-03 21:45:36.9712 51787/Ta Ser/Server.h:901 ]: [ServerThr.2] Freed 0 spare client objects
[ N 2022-07-03 21:45:36.9713 51787/Te Ser/Server.h:901 ]: [ServerThr.4] Freed 0 spare client objects
[ N 2022-07-03 21:45:36.9713 51787/Ts Ser/Server.h:901 ]: [ServerThr.11] Freed 0 spare client objects
[ N 2022-07-03 21:45:36.9713 51787/Tk Ser/Server.h:901 ]: [ServerThr.7] Freed 0 spare client objects
[ N 2022-07-03 21:45:36.9713 51787/Tc Ser/Server.h:901 ]: [ServerThr.3] Freed 0 spare client objects
[ N 2022-07-03 21:45:36.9713 51787/Te Ser/Server.h:558 ]: [ServerThr.4] Shutdown finished
[ N 2022-07-03 21:45:36.9713 51787/Tg Ser/Server.h:901 ]: [ServerThr.5] Freed 0 spare client objects
[ N 2022-07-03 21:45:36.9713 51787/Ta Ser/Server.h:558 ]: [ServerThr.2] Shutdown finished
[ N 2022-07-03 21:45:36.9712 51787/T8 Ser/Server.h:901 ]: [ServerThr.1] Freed 0 spare client objects
[ N 2022-07-03 21:45:36.9713 51787/To Ser/Server.h:901 ]: [ServerThr.9] Freed 0 spare client objects
[ N 2022-07-03 21:45:36.9714 51787/Tc Ser/Server.h:558 ]: [ServerThr.3] Shutdown finished
[ N 2022-07-03 21:45:36.9714 51787/Tg Ser/Server.h:558 ]: [ServerThr.5] Shutdown finished
[ N 2022-07-03 21:45:36.9714 51787/Tq Ser/Server.h:901 ]: [ServerThr.10] Freed 0 spare client objects
[ N 2022-07-03 21:45:36.9714 51787/To Ser/Server.h:558 ]: [ServerThr.9] Shutdown finished
[ N 2022-07-03 21:45:36.9713 51787/Tk Ser/Server.h:558 ]: [ServerThr.7] Shutdown finished
[ N 2022-07-03 21:45:36.9713 51787/Ti Ser/Server.h:901 ]: [ServerThr.6] Freed 0 spare client objects
[ N 2022-07-03 21:45:36.9713 51787/Ts Ser/Server.h:558 ]: [ServerThr.11] Shutdown finished
[ N 2022-07-03 21:45:36.9714 51787/T8 Ser/Server.h:558 ]: [ServerThr.1] Shutdown finished
[ N 2022-07-03 21:45:36.9713 51787/Tm Ser/Server.h:901 ]: [ServerThr.8] Freed 0 spare client objects
[ N 2022-07-03 21:45:36.9713 51787/Tu Ser/Server.h:901 ]: [ServerThr.12] Freed 0 spare client objects
[ N 2022-07-03 21:45:36.9716 51787/Tw Ser/Server.h:901 ]: [ApiServer] Freed 0 spare client objects
[ N 2022-07-03 21:45:36.9716 51787/Tq Ser/Server.h:558 ]: [ServerThr.10] Shutdown finished
[ N 2022-07-03 21:45:36.9716 51787/Ti Ser/Server.h:558 ]: [ServerThr.6] Shutdown finished
[ N 2022-07-03 21:45:36.9716 51787/Tm Ser/Server.h:558 ]: [ServerThr.8] Shutdown finished
[ N 2022-07-03 21:45:36.9717 51787/Tu Ser/Server.h:558 ]: [ServerThr.12] Shutdown finished
[ N 2022-07-03 21:45:36.9717 51787/Tw Ser/Server.h:558 ]: [ApiServer] Shutdown finished
[ N 2022-07-03 21:45:36.9720 51787/T1 age/Cor/CoreMain.cpp:1146 ]: Checking whether to disconnect long-running connections for process 51883, application /home/sriram/rails_app/proj1 (development)
[ N 2022-07-03 21:45:36.9721 51787/T1 age/Cor/CoreMain.cpp:1146 ]: Checking whether to disconnect long-running connections for process 52139, application /home/sriram/rails_app/proj1 (development)
[ N 2022-07-03 21:45:38.9173 51787/T1 age/Cor/CoreMain.cpp:1325 ]: Passenger core shutdown finished
